<?xml version="1.0" encoding="UTF-8"?>
<!-- Generated by org.testng.reporters.JUnitReportReporter -->
<testsuite hostname="DESKTOP-OQCDLB1" failures="0" tests="1" name="Demo.TestNGparamentersDemo" time="0.013" errors="0" timestamp="2021-07-21T15:21:03 EDT" skipped="0">
  <testcase classname="Demo.TestNGparamentersDemo" name="test" time="0.013"/>
  <system-out/>
</testsuite> <!-- Demo.TestNGparamentersDemo -->
