<?xml version="1.0" encoding="UTF-8"?>
<!-- Generated by org.testng.reporters.JUnitReportReporter -->
<testsuite hostname="DESKTOP-OQCDLB1" failures="0" tests="1" name="Demo.TestNGIgnoreDemo" time="0.020" errors="0" timestamp="2021-07-21T15:51:12 EDT" skipped="0">
  <testcase classname="Demo.TestNGIgnoreDemo" name="test2" time="0.020"/>
  <system-out/>
</testsuite> <!-- Demo.TestNGIgnoreDemo -->
