<?xml version="1.0" encoding="UTF-8"?>
<!-- Generated by org.testng.reporters.JUnitReportReporter -->
<testsuite hostname="DESKTOP-OQCDLB1" failures="0" tests="3" name="Demo.TestNGDependenyDemo" time="0.016" errors="0" timestamp="2021-07-21T15:44:59 EDT" skipped="0">
  <testcase classname="Demo.TestNGDependenyDemo" name="test1" time="0.001"/>
  <system-out/>
  <testcase classname="Demo.TestNGDependenyDemo" name="test3" time="0.002"/>
  <system-out/>
  <testcase classname="Demo.TestNGDependenyDemo" name="test2" time="0.013"/>
  <system-out/>
</testsuite> <!-- Demo.TestNGDependenyDemo -->
