<?xml version="1.0" encoding="UTF-8"?>
<!-- Generated by org.testng.reporters.JUnitReportReporter -->
<testsuite hostname="DESKTOP-OQCDLB1" failures="0" tests="4" name="Demo.TestNGGroupsDemo" time="0.007" errors="0" timestamp="2021-07-21T15:41:22 EDT" skipped="0">
  <testcase classname="Demo.TestNGGroupsDemo" name="test2" time="0.002"/>
  <system-out/>
  <testcase classname="Demo.TestNGGroupsDemo" name="test3" time="0.001"/>
  <system-out/>
  <testcase classname="Demo.TestNGGroupsDemo" name="test4" time="0.002"/>
  <system-out/>
  <testcase classname="Demo.TestNGGroupsDemo" name="test1" time="0.002"/>
  <system-out/>
</testsuite> <!-- Demo.TestNGGroupsDemo -->
