<?xml version="1.0" encoding="UTF-8"?>
<!-- Generated by org.testng.reporters.JUnitReportReporter -->
<testsuite hostname="DESKTOP-OQCDLB1" failures="0" tests="3" name="Listeners.TestNGListenerDemo2" time="0.017" errors="0" timestamp="2021-07-13T22:44:22 EDT" skipped="1">
  <testcase classname="Listeners.TestNGListenerDemo2" name="test4" time="0.004"/>
  <system-out/>
  <testcase classname="Listeners.TestNGListenerDemo2" name="test5" time="0.009"/>
  <system-out/>
  <testcase classname="Listeners.TestNGListenerDemo2" name="test6" time="0.004">
    <skipped/>
  </testcase> <!-- test6 -->
  <system-out/>
</testsuite> <!-- Listeners.TestNGListenerDemo2 -->
