<?xml version="1.0" encoding="UTF-8"?>
<!-- Generated by org.testng.reporters.JUnitReportReporter -->
<testsuite hostname="DESKTOP-OQCDLB1" failures="0" tests="3" name="Demo.TestNGPriorityDemo" time="0.015" errors="0" timestamp="2021-07-15T22:14:43 EDT" skipped="0">
  <testcase classname="Demo.TestNGPriorityDemo" name="test2" time="0.012"/>
  <system-out/>
  <testcase classname="Demo.TestNGPriorityDemo" name="test3" time="0.002"/>
  <system-out/>
  <testcase classname="Demo.TestNGPriorityDemo" name="test1" time="0.001"/>
  <system-out/>
</testsuite> <!-- Demo.TestNGPriorityDemo -->
